mkdir: cannot create directory '/scratch-shared/ssommers/results/20230528_20_multitask_model/fold1/test_set_predictions2/': File exists
Traceback (most recent call last):
  File "/scratch-shared/ssommers/multitask_inference.py", line 5, in <module>
    import dataloaderDuplicate as dataloader
  File "/gpfs/scratch1/shared/ssommers/dataloaderDuplicate.py", line 17, in <module>
    import tensorflow as tf
ModuleNotFoundError: No module named 'tensorflow'

JOB STATISTICS
==============
Job ID: 2816776
Cluster: snellius
User/Group: ssommers/ssommers
State: RUNNING
Nodes: 1
Cores per node: 18
CPU Utilized: 00:00:11
CPU Efficiency: 1.05% of 00:17:24 core-walltime
Job Wall-clock time: 00:00:58
Memory Utilized: 4.17 MB
Memory Efficiency: 0.01% of 64.00 GB
WARNING: Efficiency statistics may be misleading for RUNNING jobs.
