cp: cannot stat 'dataLoader.py': No such file or directory
[INFO][12:22:08]  training, epoch: 1 / 400, with fold: 0
Rotation [(-20, 20), (-20, 20), (-20, 20)]
First dingetje {'image': tensor([[[[6.3714e-01, 6.3071e-01, 6.3643e-01,  ..., 6.3643e-01,
           6.3714e-01, 6.3143e-01],
          [6.3714e-01, 6.3214e-01, 6.3429e-01,  ..., 6.8429e-01,
           6.7714e-01, 6.6929e-01],
          [6.4071e-01, 6.3643e-01, 6.3571e-01,  ..., 7.3071e-01,
           7.1643e-01, 7.1500e-01],
          ...,
          [7.2071e-01, 7.3857e-01, 7.5143e-01,  ..., 6.8500e-01,
           6.8000e-01, 6.8571e-01],
          [7.5643e-01, 7.7500e-01, 7.9929e-01,  ..., 6.7429e-01,
           6.7714e-01, 6.8786e-01],
          [7.9714e-01, 8.2357e-01, 8.3643e-01,  ..., 6.7071e-01,
           6.7714e-01, 6.8714e-01]],

         [[6.3857e-01, 6.4071e-01, 6.3071e-01,  ..., 6.3429e-01,
           6.3929e-01, 6.2786e-01],
          [6.4214e-01, 6.4786e-01, 6.3429e-01,  ..., 6.8214e-01,
           6.7286e-01, 6.5643e-01],
          [6.4429e-01, 6.4786e-01, 6.4071e-01,  ..., 7.3429e-01,
           7.1071e-01, 7.0714e-01],
          ...,
          [7.3571e-01, 7.6000e-01, 7.6071e-01,  ..., 6.9429e-01,
           6.7786e-01, 6.6786e-01],
          [7.7929e-01, 7.9214e-01, 8.0357e-01,  ..., 6.8214e-01,
           6.6643e-01, 6.5929e-01],
          [8.0929e-01, 8.2714e-01, 8.4500e-01,  ..., 6.7143e-01,
           6.7357e-01, 6.8071e-01]],

         [[6.3429e-01, 6.3429e-01, 6.2357e-01,  ..., 6.2357e-01,
           6.2929e-01, 6.2786e-01],
          [6.3714e-01, 6.3929e-01, 6.2786e-01,  ..., 6.6643e-01,
           6.7071e-01, 6.5643e-01],
          [6.3857e-01, 6.3714e-01, 6.3143e-01,  ..., 7.1643e-01,
           7.1643e-01, 7.0357e-01],
          ...,
          [7.2786e-01, 7.5000e-01, 7.6429e-01,  ..., 6.7857e-01,
           6.7214e-01, 6.7071e-01],
          [7.6786e-01, 7.7714e-01, 8.0571e-01,  ..., 6.7429e-01,
           6.6571e-01, 6.7071e-01],
          [8.0071e-01, 8.2214e-01, 8.4571e-01,  ..., 6.7286e-01,
           6.7143e-01, 6.8357e-01]],

         ...,

         [[1.0000e-02, 3.2857e-02, 6.8571e-02,  ..., 1.5929e-01,
           1.9286e-01, 2.3857e-01],
          [1.5000e-02, 4.3571e-02, 8.0714e-02,  ..., 4.2357e-01,
           4.5857e-01, 4.8714e-01],
          [2.6429e-02, 6.7143e-02, 1.2286e-01,  ..., 6.4214e-01,
           6.5357e-01, 6.5286e-01],
          ...,
          [5.7143e-01, 6.1571e-01, 6.2143e-01,  ..., 3.7000e-01,
           4.8000e-01, 3.2500e-01],
          [6.1286e-01, 6.4286e-01, 6.3786e-01,  ..., 3.1857e-01,
           4.7214e-01, 3.5786e-01],
          [6.3357e-01, 6.4214e-01, 6.3929e-01,  ..., 2.4857e-01,
           4.2786e-01, 3.8571e-01]],

         [[0.0000e+00, 1.8571e-02, 5.6429e-02,  ..., 9.7143e-02,
           1.2143e-01, 1.6214e-01],
          [2.8571e-03, 3.1429e-02, 6.8571e-02,  ..., 3.0357e-01,
           3.3071e-01, 3.6714e-01],
          [1.2143e-02, 5.0714e-02, 1.0000e-01,  ..., 5.9214e-01,
           6.1357e-01, 6.3357e-01],
          ...,
          [5.5571e-01, 6.0643e-01, 6.1429e-01,  ..., 4.6571e-01,
           6.2643e-01, 4.0857e-01],
          [6.1071e-01, 6.3786e-01, 6.3429e-01,  ..., 4.1143e-01,
           6.3071e-01, 4.6786e-01],
          [6.3929e-01, 6.5143e-01, 6.3929e-01,  ..., 3.1071e-01,
           5.6857e-01, 5.1000e-01]],

         [[7.1429e-04, 1.5000e-02, 4.0714e-02,  ..., 6.1429e-02,
           8.3571e-02, 1.2357e-01],
          [1.4286e-03, 2.2857e-02, 5.2143e-02,  ..., 1.9571e-01,
           2.1214e-01, 2.4714e-01],
          [7.8571e-03, 3.2857e-02, 7.6429e-02,  ..., 4.8714e-01,
           5.1714e-01, 5.4571e-01],
          ...,
          [5.5214e-01, 6.1000e-01, 6.1286e-01,  ..., 2.6357e-01,
           3.4214e-01, 2.3500e-01],
          [6.1286e-01, 6.2786e-01, 6.2929e-01,  ..., 2.4571e-01,
           3.4857e-01, 2.5857e-01],
          [6.3714e-01, 6.4500e-01, 6.3500e-01,  ..., 2.0143e-01,
           3.1571e-01, 2.7357e-01]]]]), 'mask': tensor([[[[0., 0., 0.,  ..., 0., 0., 0.],
          [0., 0., 0.,  ..., 0., 0., 0.],
          [0., 0., 0.,  ..., 0., 0., 0.],
          ...,
          [0., 0., 0.,  ..., 0., 0., 0.],
          [0., 0., 0.,  ..., 0., 0., 0.],
          [0., 0., 0.,  ..., 0., 0., 0.]],

         [[0., 0., 0.,  ..., 0., 0., 0.],
          [0., 0., 0.,  ..., 0., 0., 0.],
          [0., 0., 0.,  ..., 0., 0., 0.],
          ...,
          [0., 0., 0.,  ..., 0., 0., 0.],
          [0., 0., 0.,  ..., 0., 0., 0.],
          [0., 0., 0.,  ..., 0., 0., 0.]],

         [[0., 0., 0.,  ..., 0., 0., 0.],
          [0., 0., 0.,  ..., 0., 0., 0.],
          [0., 0., 0.,  ..., 0., 0., 0.],
          ...,
          [0., 0., 0.,  ..., 0., 0., 0.],
          [0., 0., 0.,  ..., 0., 0., 0.],
          [0., 0., 0.,  ..., 0., 0., 0.]],

         ...,

         [[0., 0., 0.,  ..., 0., 0., 0.],
          [0., 0., 0.,  ..., 0., 0., 0.],
          [0., 0., 0.,  ..., 0., 0., 0.],
          ...,
          [0., 0., 0.,  ..., 0., 0., 0.],
          [0., 0., 0.,  ..., 0., 0., 0.],
          [0., 0., 0.,  ..., 0., 0., 0.]],

         [[0., 0., 0.,  ..., 0., 0., 0.],
          [0., 0., 0.,  ..., 0., 0., 0.],
          [0., 0., 0.,  ..., 0., 0., 0.],
          ...,
          [0., 0., 0.,  ..., 0., 0., 0.],
          [0., 0., 0.,  ..., 0., 0., 0.],
          [0., 0., 0.,  ..., 0., 0., 0.]],

         [[0., 0., 0.,  ..., 0., 0., 0.],
          [0., 0., 0.,  ..., 0., 0., 0.],
          [0., 0., 0.,  ..., 0., 0., 0.],
          ...,
          [0., 0., 0.,  ..., 0., 0., 0.],
          [0., 0., 0.,  ..., 0., 0., 0.],
          [0., 0., 0.,  ..., 0., 0., 0.]]]]), 'origin': tensor([-160.0000, -126.3672,  -30.2929], dtype=torch.float64), 'spacing': tensor([1.2500, 0.9180, 0.9180], dtype=torch.float64), 'transform': tensor([[1.0000, 0.0000, 0.0000],
        [0.0000, 1.0000, 0.0000],
        [0.0000, 0.0000, 1.0000]], dtype=torch.float64), 'shape': tensor([ 64, 128, 128]), 'malignancy_target': tensor([1.]), 'noduletype_target': tensor([2.]), 'noduleid': '2.25.14497585960214981427198395933004469178106907930176274568604'}
First dingetje rotation {'image': tensor([[[[0.6500, 0.6579, 0.6693,  ..., 0.6214, 0.6207, 0.6279],
          [0.6779, 0.6721, 0.6679,  ..., 0.6207, 0.6264, 0.6257],
          [0.6521, 0.6414, 0.6350,  ..., 0.6264, 0.6271, 0.6250],
          ...,
          [0.6650, 0.6550, 0.6571,  ..., 0.7771, 0.7443, 0.7307],
          [0.6857, 0.6793, 0.6729,  ..., 0.7936, 0.7600, 0.7507],
          [0.6821, 0.6836, 0.6850,  ..., 0.7829, 0.7657, 0.7657]],

         [[0.6736, 0.6800, 0.6900,  ..., 0.6200, 0.6250, 0.6300],
          [0.6807, 0.6736, 0.6686,  ..., 0.6257, 0.6329, 0.6264],
          [0.6500, 0.6400, 0.6357,  ..., 0.6286, 0.6314, 0.6229],
          ...,
          [0.6557, 0.6536, 0.6614,  ..., 0.7721, 0.7464, 0.7307],
          [0.6671, 0.6707, 0.6743,  ..., 0.7879, 0.7643, 0.7579],
          [0.6686, 0.6821, 0.6900,  ..., 0.7843, 0.7743, 0.7764]],

         [[0.6557, 0.6586, 0.6600,  ..., 0.6221, 0.6293, 0.6350],
          [0.6850, 0.6807, 0.6714,  ..., 0.6321, 0.6364, 0.6300],
          [0.6479, 0.6400, 0.6364,  ..., 0.6357, 0.6371, 0.6279],
          ...,
          [0.6593, 0.6507, 0.6543,  ..., 0.7629, 0.7429, 0.7229],
          [0.6686, 0.6643, 0.6664,  ..., 0.7836, 0.7593, 0.7393],
          [0.6707, 0.6764, 0.6793,  ..., 0.7821, 0.7736, 0.7593]],

         ...,

         [[0.1486, 0.2029, 0.2386,  ..., 0.6086, 0.6029, 0.6043],
          [0.1471, 0.1886, 0.2321,  ..., 0.6136, 0.6086, 0.6057],
          [0.2036, 0.2557, 0.2793,  ..., 0.6121, 0.6071, 0.6050],
          ...,
          [0.6593, 0.6771, 0.6629,  ..., 0.1200, 0.1207, 0.1171],
          [0.6550, 0.6857, 0.6736,  ..., 0.1143, 0.1164, 0.1107],
          [0.6500, 0.6707, 0.6743,  ..., 0.1121, 0.1071, 0.1036]],

         [[0.1529, 0.2236, 0.2643,  ..., 0.6021, 0.5986, 0.6036],
          [0.1450, 0.2100, 0.2514,  ..., 0.6086, 0.6064, 0.6064],
          [0.1757, 0.2443, 0.2729,  ..., 0.6064, 0.6029, 0.6029],
          ...,
          [0.6564, 0.6714, 0.6650,  ..., 0.1214, 0.1143, 0.1057],
          [0.6564, 0.6779, 0.6671,  ..., 0.1079, 0.1050, 0.0986],
          [0.6557, 0.6693, 0.6621,  ..., 0.1000, 0.0993, 0.1007]],

         [[0.1243, 0.1950, 0.2507,  ..., 0.6029, 0.6029, 0.6057],
          [0.1221, 0.1986, 0.2493,  ..., 0.6036, 0.6057, 0.6064],
          [0.1457, 0.2300, 0.2693,  ..., 0.6036, 0.6014, 0.6014],
          ...,
          [0.6521, 0.6593, 0.6607,  ..., 0.1314, 0.1150, 0.1114],
          [0.6536, 0.6671, 0.6586,  ..., 0.1200, 0.1143, 0.1071],
          [0.6550, 0.6664, 0.6471,  ..., 0.1036, 0.1071, 0.1064]]]]), 'mask': tensor([[[[0., 0., 0.,  ..., 0., 0., 0.],
          [0., 0., 0.,  ..., 0., 0., 0.],
          [0., 0., 0.,  ..., 0., 0., 0.],
          ...,
          [0., 0., 0.,  ..., 0., 0., 0.],
          [0., 0., 0.,  ..., 0., 0., 0.],
          [0., 0., 0.,  ..., 0., 0., 0.]],

         [[0., 0., 0.,  ..., 0., 0., 0.],
          [0., 0., 0.,  ..., 0., 0., 0.],
          [0., 0., 0.,  ..., 0., 0., 0.],
          ...,
          [0., 0., 0.,  ..., 0., 0., 0.],
          [0., 0., 0.,  ..., 0., 0., 0.],
          [0., 0., 0.,  ..., 0., 0., 0.]],

         [[0., 0., 0.,  ..., 0., 0., 0.],
          [0., 0., 0.,  ..., 0., 0., 0.],
          [0., 0., 0.,  ..., 0., 0., 0.],
          ...,
          [0., 0., 0.,  ..., 0., 0., 0.],
          [0., 0., 0.,  ..., 0., 0., 0.],
          [0., 0., 0.,  ..., 0., 0., 0.]],

         ...,

         [[0., 0., 0.,  ..., 0., 0., 0.],
          [0., 0., 0.,  ..., 0., 0., 0.],
          [0., 0., 0.,  ..., 0., 0., 0.],
          ...,
          [0., 0., 0.,  ..., 0., 0., 0.],
          [0., 0., 0.,  ..., 0., 0., 0.],
          [0., 0., 0.,  ..., 0., 0., 0.]],

         [[0., 0., 0.,  ..., 0., 0., 0.],
          [0., 0., 0.,  ..., 0., 0., 0.],
          [0., 0., 0.,  ..., 0., 0., 0.],
          ...,
          [0., 0., 0.,  ..., 0., 0., 0.],
          [0., 0., 0.,  ..., 0., 0., 0.],
          [0., 0., 0.,  ..., 0., 0., 0.]],

         [[0., 0., 0.,  ..., 0., 0., 0.],
          [0., 0., 0.,  ..., 0., 0., 0.],
          [0., 0., 0.,  ..., 0., 0., 0.],
          ...,
          [0., 0., 0.,  ..., 0., 0., 0.],
          [0., 0., 0.,  ..., 0., 0., 0.],
          [0., 0., 0.,  ..., 0., 0., 0.]]]]), 'origin': tensor([-160.0000, -126.3672,  -30.2929], dtype=torch.float64), 'spacing': tensor([1.2500, 0.9180, 0.9180], dtype=torch.float64), 'transform': tensor([[1.0000, 0.0000, 0.0000],
        [0.0000, 1.0000, 0.0000],
        [0.0000, 0.0000, 1.0000]], dtype=torch.float64), 'shape': tensor([ 64, 128, 128]), 'malignancy_target': tensor([1.]), 'noduletype_target': tensor([2.]), 'noduleid': '2.25.14497585960214981427198395933004469178106907930176274568604'}
<torch.utils.data.dataset.ConcatDataset object at 0x149acb6f1fd0>



  0%|          | 0/34 [00:00<?, ?it/s]  3%|▎         | 1/34 [00:22<12:09, 22.10s/it]  6%|▌         | 2/34 [00:22<04:54,  9.19s/it]  9%|▉         | 3/34 [00:22<02:40,  5.18s/it] 12%|█▏        | 4/34 [00:23<01:38,  3.29s/it] 15%|█▍        | 5/34 [00:23<01:05,  2.25s/it] 18%|█▊        | 6/34 [00:23<00:45,  1.62s/it] 21%|██        | 7/34 [00:24<00:33,  1.22s/it] 24%|██▎       | 8/34 [00:24<00:25,  1.04it/s] 26%|██▋       | 9/34 [00:25<00:19,  1.27it/s]slurmstepd: error: *** JOB 2786150 ON gcn13 CANCELLED AT 2023-05-23T12:22:33 ***

JOB STATISTICS
==============
Job ID: 2786150
Cluster: snellius
User/Group: ssommers/ssommers
State: CANCELLED (exit code 0)
Nodes: 1
Cores per node: 18
CPU Utilized: 00:00:01
CPU Efficiency: 0.11% of 00:15:18 core-walltime
Job Wall-clock time: 00:00:51
Memory Utilized: 3.30 GB
Memory Efficiency: 5.15% of 64.00 GB
