Rotation [(-20, 20), (-20, 20), (-20, 20)]
First dingetje {'image': tensor([[[[0.9286, 0.8764, 0.7507,  ..., 0.1043, 0.0979, 0.1164],
          [0.5921, 0.5086, 0.3857,  ..., 0.0979, 0.0900, 0.0893],
          [0.2821, 0.2286, 0.1821,  ..., 0.0893, 0.0871, 0.0836],
          ...,
          [0.3600, 0.3129, 0.2050,  ..., 0.2586, 0.4171, 0.5564],
          [0.3729, 0.2571, 0.1664,  ..., 0.4071, 0.5543, 0.6150],
          [0.3843, 0.3093, 0.2007,  ..., 0.5507, 0.6200, 0.6321]],

         [[0.9236, 0.7964, 0.6093,  ..., 0.0950, 0.0936, 0.1071],
          [0.6450, 0.4693, 0.3079,  ..., 0.0921, 0.0907, 0.0900],
          [0.3921, 0.2543, 0.1643,  ..., 0.0857, 0.0836, 0.0807],
          ...,
          [0.3429, 0.2643, 0.1779,  ..., 0.2736, 0.4307, 0.5650],
          [0.3621, 0.2336, 0.1529,  ..., 0.4257, 0.5593, 0.6100],
          [0.3621, 0.2757, 0.1807,  ..., 0.5564, 0.6157, 0.6250]],

         [[0.9179, 0.7171, 0.4679,  ..., 0.0864, 0.0886, 0.0979],
          [0.6971, 0.4300, 0.2300,  ..., 0.0864, 0.0914, 0.0900],
          [0.5029, 0.2800, 0.1464,  ..., 0.0814, 0.0807, 0.0786],
          ...,
          [0.3257, 0.2164, 0.1514,  ..., 0.2886, 0.4443, 0.5736],
          [0.3514, 0.2093, 0.1400,  ..., 0.4450, 0.5643, 0.6043],
          [0.3400, 0.2429, 0.1607,  ..., 0.5614, 0.6114, 0.6171]],

         ...,

         [[0.0764, 0.0664, 0.0650,  ..., 0.0686, 0.0664, 0.0679],
          [0.1214, 0.0929, 0.0693,  ..., 0.0736, 0.0700, 0.0764],
          [0.1471, 0.1443, 0.1136,  ..., 0.0771, 0.0807, 0.1121],
          ...,
          [0.1386, 0.1121, 0.1021,  ..., 0.6557, 0.6700, 0.6707],
          [0.1407, 0.1243, 0.1036,  ..., 0.6871, 0.6764, 0.6529],
          [0.1350, 0.1264, 0.1186,  ..., 0.6821, 0.6536, 0.6414]],

         [[0.0821, 0.0729, 0.0671,  ..., 0.0729, 0.0714, 0.0779],
          [0.1093, 0.0907, 0.0736,  ..., 0.0764, 0.0786, 0.0964],
          [0.1486, 0.1579, 0.1250,  ..., 0.0871, 0.0971, 0.1379],
          ...,
          [0.1257, 0.1079, 0.1036,  ..., 0.6486, 0.6721, 0.6864],
          [0.1243, 0.1150, 0.1014,  ..., 0.6793, 0.6807, 0.6743],
          [0.1243, 0.1229, 0.1186,  ..., 0.6814, 0.6671, 0.6721]],

         [[0.0886, 0.0786, 0.0700,  ..., 0.0779, 0.0764, 0.0871],
          [0.0971, 0.0886, 0.0771,  ..., 0.0793, 0.0871, 0.1157],
          [0.1493, 0.1714, 0.1357,  ..., 0.0964, 0.1143, 0.1636],
          ...,
          [0.1136, 0.1036, 0.1043,  ..., 0.6407, 0.6743, 0.7029],
          [0.1086, 0.1064, 0.1000,  ..., 0.6707, 0.6843, 0.6950],
          [0.1136, 0.1200, 0.1179,  ..., 0.6800, 0.6814, 0.7036]]]]), 'mask': tensor([[[[0., 0., 0.,  ..., 0., 0., 0.],
          [0., 0., 0.,  ..., 0., 0., 0.],
          [0., 0., 0.,  ..., 0., 0., 0.],
          ...,
          [0., 0., 0.,  ..., 0., 0., 0.],
          [0., 0., 0.,  ..., 0., 0., 0.],
          [0., 0., 0.,  ..., 0., 0., 0.]],

         [[0., 0., 0.,  ..., 0., 0., 0.],
          [0., 0., 0.,  ..., 0., 0., 0.],
          [0., 0., 0.,  ..., 0., 0., 0.],
          ...,
          [0., 0., 0.,  ..., 0., 0., 0.],
          [0., 0., 0.,  ..., 0., 0., 0.],
          [0., 0., 0.,  ..., 0., 0., 0.]],

         [[0., 0., 0.,  ..., 0., 0., 0.],
          [0., 0., 0.,  ..., 0., 0., 0.],
          [0., 0., 0.,  ..., 0., 0., 0.],
          ...,
          [0., 0., 0.,  ..., 0., 0., 0.],
          [0., 0., 0.,  ..., 0., 0., 0.],
          [0., 0., 0.,  ..., 0., 0., 0.]],

         ...,

         [[0., 0., 0.,  ..., 0., 0., 0.],
          [0., 0., 0.,  ..., 0., 0., 0.],
          [0., 0., 0.,  ..., 0., 0., 0.],
          ...,
          [0., 0., 0.,  ..., 0., 0., 0.],
          [0., 0., 0.,  ..., 0., 0., 0.],
          [0., 0., 0.,  ..., 0., 0., 0.]],

         [[0., 0., 0.,  ..., 0., 0., 0.],
          [0., 0., 0.,  ..., 0., 0., 0.],
          [0., 0., 0.,  ..., 0., 0., 0.],
          ...,
          [0., 0., 0.,  ..., 0., 0., 0.],
          [0., 0., 0.,  ..., 0., 0., 0.],
          [0., 0., 0.,  ..., 0., 0., 0.]],

         [[0., 0., 0.,  ..., 0., 0., 0.],
          [0., 0., 0.,  ..., 0., 0., 0.],
          [0., 0., 0.,  ..., 0., 0., 0.],
          ...,
          [0., 0., 0.,  ..., 0., 0., 0.],
          [0., 0., 0.,  ..., 0., 0., 0.],
          [0., 0., 0.,  ..., 0., 0., 0.]]]]), 'origin': tensor([-294.0000,   22.1483,   21.3952], dtype=torch.float64), 'spacing': tensor([2.5000, 0.8203, 0.8203], dtype=torch.float64), 'transform': tensor([[1., 0., 0.],
        [0., 1., 0.],
        [0., 0., 1.]], dtype=torch.float64), 'shape': tensor([ 64, 128, 128]), 'malignancy_target': tensor([0.]), 'noduletype_target': tensor([0.]), 'noduleid': '2.25.85475102690801320257961710717610351452149165630150549062494'}
First dingetje rotation {'image': tensor([[[[0.3307, 0.3400, 0.3521,  ..., 0.1014, 0.1021, 0.1050],
          [0.1757, 0.1807, 0.1871,  ..., 0.1293, 0.1400, 0.1357],
          [0.0914, 0.0921, 0.0900,  ..., 0.1507, 0.1636, 0.1664],
          ...,
          [0.4829, 0.4971, 0.4193,  ..., 0.6800, 0.6886, 0.6764],
          [0.3221, 0.2986, 0.2157,  ..., 0.6907, 0.6871, 0.6757],
          [0.2229, 0.1800, 0.1343,  ..., 0.6957, 0.6864, 0.6786]],

         [[0.3493, 0.3357, 0.3464,  ..., 0.1014, 0.1014, 0.0964],
          [0.1850, 0.2036, 0.2343,  ..., 0.1314, 0.1371, 0.1257],
          [0.0886, 0.1100, 0.1514,  ..., 0.1657, 0.1714, 0.1636],
          ...,
          [0.4921, 0.5707, 0.4821,  ..., 0.6679, 0.6800, 0.6729],
          [0.2714, 0.2914, 0.2450,  ..., 0.6871, 0.6857, 0.6657],
          [0.1814, 0.1593, 0.1336,  ..., 0.6993, 0.6843, 0.6557]],

         [[0.3129, 0.2979, 0.3000,  ..., 0.0979, 0.1021, 0.0971],
          [0.1836, 0.2171, 0.2721,  ..., 0.1229, 0.1271, 0.1200],
          [0.1093, 0.1400, 0.2257,  ..., 0.1650, 0.1671, 0.1571],
          ...,
          [0.4600, 0.5450, 0.4593,  ..., 0.6586, 0.6750, 0.6743],
          [0.2664, 0.2757, 0.2421,  ..., 0.6807, 0.6886, 0.6743],
          [0.1693, 0.1543, 0.1236,  ..., 0.6943, 0.6929, 0.6700]],

         ...,

         [[0.0864, 0.0986, 0.1521,  ..., 0.0764, 0.0821, 0.0907],
          [0.0886, 0.0971, 0.1243,  ..., 0.0857, 0.0907, 0.0943],
          [0.0886, 0.1129, 0.1257,  ..., 0.0929, 0.1000, 0.1050],
          ...,
          [0.0914, 0.0936, 0.0886,  ..., 0.1029, 0.0986, 0.0986],
          [0.0893, 0.0821, 0.0714,  ..., 0.1029, 0.1029, 0.1050],
          [0.0907, 0.0871, 0.0736,  ..., 0.1021, 0.1093, 0.1286]],

         [[0.0900, 0.1150, 0.1779,  ..., 0.0779, 0.0757, 0.0814],
          [0.0900, 0.1014, 0.1350,  ..., 0.0750, 0.0757, 0.0764],
          [0.0871, 0.1050, 0.1221,  ..., 0.0814, 0.0879, 0.0950],
          ...,
          [0.0943, 0.0893, 0.0786,  ..., 0.1086, 0.1093, 0.1064],
          [0.0929, 0.0836, 0.0700,  ..., 0.1093, 0.1057, 0.0986],
          [0.0850, 0.0793, 0.0679,  ..., 0.0971, 0.1093, 0.1300]],

         [[0.0993, 0.1257, 0.1986,  ..., 0.0850, 0.0893, 0.0907],
          [0.0907, 0.1014, 0.1443,  ..., 0.0721, 0.0764, 0.0807],
          [0.0857, 0.0971, 0.1214,  ..., 0.0786, 0.0886, 0.0936],
          ...,
          [0.0986, 0.0979, 0.0914,  ..., 0.1100, 0.1171, 0.1157],
          [0.0993, 0.0943, 0.0821,  ..., 0.1150, 0.1114, 0.1079],
          [0.0886, 0.0779, 0.0671,  ..., 0.1029, 0.1071, 0.1257]]]]), 'mask': tensor([[[[0., 0., 0.,  ..., 0., 0., 0.],
          [0., 0., 0.,  ..., 0., 0., 0.],
          [0., 0., 0.,  ..., 0., 0., 0.],
          ...,
          [0., 0., 0.,  ..., 0., 0., 0.],
          [0., 0., 0.,  ..., 0., 0., 0.],
          [0., 0., 0.,  ..., 0., 0., 0.]],

         [[0., 0., 0.,  ..., 0., 0., 0.],
          [0., 0., 0.,  ..., 0., 0., 0.],
          [0., 0., 0.,  ..., 0., 0., 0.],
          ...,
          [0., 0., 0.,  ..., 0., 0., 0.],
          [0., 0., 0.,  ..., 0., 0., 0.],
          [0., 0., 0.,  ..., 0., 0., 0.]],

         [[0., 0., 0.,  ..., 0., 0., 0.],
          [0., 0., 0.,  ..., 0., 0., 0.],
          [0., 0., 0.,  ..., 0., 0., 0.],
          ...,
          [0., 0., 0.,  ..., 0., 0., 0.],
          [0., 0., 0.,  ..., 0., 0., 0.],
          [0., 0., 0.,  ..., 0., 0., 0.]],

         ...,

         [[0., 0., 0.,  ..., 0., 0., 0.],
          [0., 0., 0.,  ..., 0., 0., 0.],
          [0., 0., 0.,  ..., 0., 0., 0.],
          ...,
          [0., 0., 0.,  ..., 0., 0., 0.],
          [0., 0., 0.,  ..., 0., 0., 0.],
          [0., 0., 0.,  ..., 0., 0., 0.]],

         [[0., 0., 0.,  ..., 0., 0., 0.],
          [0., 0., 0.,  ..., 0., 0., 0.],
          [0., 0., 0.,  ..., 0., 0., 0.],
          ...,
          [0., 0., 0.,  ..., 0., 0., 0.],
          [0., 0., 0.,  ..., 0., 0., 0.],
          [0., 0., 0.,  ..., 0., 0., 0.]],

         [[0., 0., 0.,  ..., 0., 0., 0.],
          [0., 0., 0.,  ..., 0., 0., 0.],
          [0., 0., 0.,  ..., 0., 0., 0.],
          ...,
          [0., 0., 0.,  ..., 0., 0., 0.],
          [0., 0., 0.,  ..., 0., 0., 0.],
          [0., 0., 0.,  ..., 0., 0., 0.]]]]), 'origin': tensor([-294.0000,   22.1483,   21.3952], dtype=torch.float64), 'spacing': tensor([2.5000, 0.8203, 0.8203], dtype=torch.float64), 'transform': tensor([[1., 0., 0.],
        [0., 1., 0.],
        [0., 0., 1.]], dtype=torch.float64), 'shape': tensor([ 64, 128, 128]), 'malignancy_target': tensor([0.]), 'noduletype_target': tensor([0.]), 'noduleid': '2.25.85475102690801320257961710717610351452149165630150549062494'}
<torch.utils.data.dataset.ConcatDataset object at 0x14e2bd5eeb80>
11.0
[9, 7, 9, 7]

14.0
[5, 13, 6, 8]

14.0
[7, 6, 9, 10]

11.0
[6, 10, 9, 7]

19.0
[5, 10, 10, 7]

16.0
[13, 10, 5, 4]

10.0
[7, 8, 11, 6]

14.0
[7, 7, 11, 7]

9.0
[1, 10, 10, 11]

13.0
[7, 5, 15, 5]

12.0
[10, 8, 9, 5]

10.0
[5, 4, 14, 9]

17.0
[6, 6, 14, 6]

16.0
[7, 11, 9, 5]

12.0
[9, 8, 11, 4]

13.0
[6, 8, 8, 10]

13.0
[5, 13, 9, 5]

19.0
[4, 8, 19, 1]

16.0
[4, 8, 10, 10]

14.0
[8, 9, 11, 4]

14.0
[5, 8, 15, 4]

11.0
[2, 7, 5, 1]


JOB STATISTICS
==============
Job ID: 2786126
Cluster: snellius
User/Group: ssommers/ssommers
State: RUNNING
Nodes: 1
Cores per node: 18
CPU Utilized: 00:00:00
CPU Efficiency: 0.00% of 00:12:54 core-walltime
Job Wall-clock time: 00:00:43
Memory Utilized: 0.00 MB (estimated maximum)
Memory Efficiency: 0.00% of 64.00 GB (64.00 GB/node)
WARNING: Efficiency statistics may be misleading for RUNNING jobs.
