dataset len train=true 2748
<torch.utils.data.dataset.ConcatDataset object at 0x14d3b5380700>
dataset len train=false 2 2748
batch size:  32
len dataloader in dataloaderDuplicate 22
  0%|          | 0/22 [00:00<?, ?it/s]  5%|▍         | 1/22 [00:06<02:13,  6.38s/it] 14%|█▎        | 3/22 [00:06<00:35,  1.85s/it] 86%|████████▋ | 19/22 [00:07<00:00,  4.59it/s]100%|██████████| 22/22 [00:07<00:00,  2.99it/s]
15.0
[8, 4, 13, 7]
[0.0, 1.0, 2.0, 3.0]

21.0
[9, 8, 13, 2]
[0.0, 1.0, 2.0, 3.0]

14.0
[2, 8, 13, 9]
[0.0, 1.0, 2.0, 3.0]

17.0
[7, 8, 10, 7]
[0.0, 1.0, 2.0, 3.0]

16.0
[2, 12, 16, 2]
[0.0, 1.0, 2.0, 3.0]

11.0
[11, 8, 8, 5]
[0.0, 1.0, 2.0, 3.0]

13.0
[12, 8, 7, 5]
[0.0, 1.0, 2.0, 3.0]

16.0
[9, 10, 5, 8]
[0.0, 1.0, 2.0, 3.0]

12.0
[10, 13, 2, 7]
[0.0, 1.0, 2.0, 3.0]

14.0
[9, 8, 9, 6]
[0.0, 1.0, 2.0, 3.0]

12.0
[8, 7, 7, 10]
[0.0, 1.0, 2.0, 3.0]

10.0
[7, 13, 7, 5]
[0.0, 1.0, 2.0, 3.0]

12.0
[8, 6, 11, 7]
[0.0, 1.0, 2.0, 3.0]

15.0
[5, 12, 7, 8]
[0.0, 1.0, 2.0, 3.0]

14.0
[6, 10, 8, 8]
[0.0, 1.0, 2.0, 3.0]

14.0
[7, 9, 9, 7]
[0.0, 1.0, 2.0, 3.0]

16.0
[8, 9, 6, 9]
[0.0, 1.0, 2.0, 3.0]

18.0
[9, 7, 14, 2]
[0.0, 1.0, 2.0, 3.0]

14.0
[8, 5, 12, 7]
[0.0, 1.0, 2.0, 3.0]

16.0
[8, 12, 9, 3]
[0.0, 1.0, 2.0, 3.0]

15.0
[5, 11, 8, 8]
[0.0, 1.0, 2.0, 3.0]

8.0
[3, 3, 4, 5]
[0.0, 1.0, 2.0, 3.0]


JOB STATISTICS
==============
Job ID: 2786559
Cluster: snellius
User/Group: ssommers/ssommers
State: RUNNING
Nodes: 1
Cores per node: 18
CPU Utilized: 00:00:00
CPU Efficiency: 0.00% of 00:12:36 core-walltime
Job Wall-clock time: 00:00:42
Memory Utilized: 0.00 MB (estimated maximum)
Memory Efficiency: 0.00% of 64.00 GB (64.00 GB/node)
WARNING: Efficiency statistics may be misleading for RUNNING jobs.
