dataset len, train=true 2748
dataset len train=false 2 2748
13.0
[6, 14, 8, 4]

10.0
[8, 10, 7, 7]

14.0
[15, 6, 5, 6]

15.0
[7, 7, 13, 5]

10.0
[6, 8, 12, 6]

13.0
[11, 9, 7, 5]

14.0
[6, 6, 9, 11]

20.0
[11, 9, 9, 3]

11.0
[8, 8, 11, 5]

20.0
[5, 11, 10, 6]

11.0
[10, 7, 8, 7]

11.0
[7, 10, 11, 4]

13.0
[5, 11, 8, 8]

12.0
[11, 6, 8, 7]

19.0
[9, 10, 11, 2]

14.0
[9, 9, 6, 8]

12.0
[9, 6, 12, 5]

13.0
[7, 6, 13, 6]

16.0
[11, 9, 6, 6]

12.0
[4, 10, 10, 8]

17.0
[9, 10, 8, 5]

8.0
[3, 5, 2, 5]


JOB STATISTICS
==============
Job ID: 2786433
Cluster: snellius
User/Group: ssommers/ssommers
State: COMPLETED (exit code 0)
Nodes: 1
Cores per node: 18
CPU Utilized: 00:01:59
CPU Efficiency: 14.37% of 00:13:48 core-walltime
Job Wall-clock time: 00:00:46
Memory Utilized: 216.13 MB
Memory Efficiency: 0.33% of 64.00 GB
