dataset len train=true 2748
<torch.utils.data.dataset.ConcatDataset object at 0x14d5a8b5b730>
dataset len train=false 2 2748
batch size:  16
len dataloader in dataloaderDuplicate 43
  0%|          | 0/43 [00:00<?, ?it/s]  2%|▏         | 1/43 [00:05<04:03,  5.79s/it]  5%|▍         | 2/43 [00:06<01:44,  2.56s/it] 40%|███▉      | 17/43 [00:06<00:05,  5.11it/s] 53%|█████▎    | 23/43 [00:06<00:02,  7.30it/s] 77%|███████▋  | 33/43 [00:06<00:01,  9.64it/s] 86%|████████▌ | 37/43 [00:07<00:00,  9.55it/s]100%|██████████| 43/43 [00:07<00:00,  5.76it/s]
6.0
[2, 2, 8, 4]
[0.0, 1.0, 2.0, 3.0]

7.0
[1, 5, 6, 4]
[0.0, 1.0, 2.0, 3.0]

7.0
[7, 2, 5, 2]
[0.0, 1.0, 2.0, 3.0]

6.0
[3, 5, 4, 4]
[0.0, 1.0, 2.0, 3.0]

8.0
[5, 5, 4, 2]
[0.0, 1.0, 2.0, 3.0]

7.0
[3, 3, 5, 5]
[0.0, 1.0, 2.0, 3.0]

7.0
[4, 5, 6, 1]
[0.0, 1.0, 2.0, 3.0]

9.0
[5, 2, 6, 3]
[0.0, 1.0, 2.0, 3.0]

6.0
[4, 4, 6, 2]
[0.0, 1.0, 2.0, 3.0]

8.0
[4, 3, 6, 3]
[0.0, 1.0, 2.0, 3.0]

6.0
[3, 5, 3, 5]
[0.0, 1.0, 2.0, 3.0]

8.0
[5, 6, 3, 2]
[0.0, 1.0, 2.0, 3.0]

5.0
[4, 3, 9]
[0.0, 1.0, 2.0]

9.0
[7, 3, 4, 2]
[0.0, 1.0, 2.0, 3.0]

5.0
[4, 3, 7, 2]
[0.0, 1.0, 2.0, 3.0]

10.0
[4, 3, 7, 2]
[0.0, 1.0, 2.0, 3.0]

9.0
[2, 4, 8, 2]
[0.0, 1.0, 2.0, 3.0]

5.0
[2, 3, 8, 3]
[0.0, 1.0, 2.0, 3.0]

4.0
[3, 3, 7, 3]
[0.0, 1.0, 2.0, 3.0]

9.0
[2, 5, 7, 2]
[0.0, 1.0, 2.0, 3.0]

8.0
[4, 5, 5, 2]
[0.0, 1.0, 2.0, 3.0]

5.0
[3, 8, 1, 4]
[0.0, 1.0, 2.0, 3.0]

6.0
[5, 3, 3, 5]
[0.0, 1.0, 2.0, 3.0]

8.0
[2, 6, 5, 3]
[0.0, 1.0, 2.0, 3.0]

8.0
[5, 7, 3, 1]
[0.0, 1.0, 2.0, 3.0]

9.0
[5, 6, 3, 2]
[0.0, 1.0, 2.0, 3.0]

8.0
[5, 6, 5]
[0.0, 1.0, 2.0]

6.0
[3, 5, 4, 4]
[0.0, 1.0, 2.0, 3.0]

10.0
[2, 6, 6, 2]
[0.0, 1.0, 2.0, 3.0]

8.0
[2, 6, 6, 2]
[0.0, 1.0, 2.0, 3.0]

7.0
[5, 4, 5, 2]
[0.0, 1.0, 2.0, 3.0]

6.0
[4, 6, 4, 2]
[0.0, 1.0, 2.0, 3.0]

9.0
[2, 7, 7]
[0.0, 1.0, 2.0]

3.0
[5, 3, 2, 6]
[0.0, 1.0, 2.0, 3.0]

8.0
[3, 4, 7, 2]
[0.0, 1.0, 2.0, 3.0]

7.0
[5, 5, 3, 3]
[0.0, 1.0, 2.0, 3.0]

5.0
[2, 2, 7, 5]
[0.0, 1.0, 2.0, 3.0]

11.0
[4, 6, 3, 3]
[0.0, 1.0, 2.0, 3.0]

10.0
[4, 4, 7, 1]
[0.0, 1.0, 2.0, 3.0]

10.0
[4, 6, 6]
[0.0, 1.0, 2.0]

6.0
[4, 5, 5, 2]
[0.0, 1.0, 2.0, 3.0]

6.0
[3, 4, 7, 2]
[0.0, 1.0, 2.0, 3.0]

4.0
[3, 6, 4, 2]
[0.0, 1.0, 2.0, 3.0]


JOB STATISTICS
==============
Job ID: 2786572
Cluster: snellius
User/Group: ssommers/ssommers
State: COMPLETED (exit code 0)
Nodes: 1
Cores per node: 18
CPU Utilized: 00:02:03
CPU Efficiency: 12.89% of 00:15:54 core-walltime
Job Wall-clock time: 00:00:53
Memory Utilized: 4.72 MB
Memory Efficiency: 0.01% of 64.00 GB
