[INFO][12:34:08] Created a temporary directory at /scratch-local/ssommers.2839087/tmp7hieu072
[INFO][12:34:08] Writing /scratch-local/ssommers.2839087/tmp7hieu072/_remote_module_non_scriptable.py
folds found! :)
Traceback (most recent call last):
  File "/scratch-shared/ssommers/train-kieran3.py", line 392, in <module>
    nodule_analyzer.train(model)
  File "/scratch-shared/ssommers/train-kieran3.py", line 261, in train
    self._initialize_data_loaders()
  File "/scratch-shared/ssommers/train-kieran3.py", line 215, in _initialize_data_loaders
    mean=self.train_mean,
AttributeError: 'NoduleAnalyzer' object has no attribute 'train_mean'
slurmstepd: error: *** JOB 2839087 ON gcn20 CANCELLED AT 2023-06-03T00:35:14 ***

JOB STATISTICS
==============
Job ID: 2839087
Cluster: snellius
User/Group: ssommers/ssommers
State: CANCELLED (exit code 0)
Nodes: 1
Cores per node: 18
CPU Utilized: 00:00:10
CPU Efficiency: 0.32% of 00:52:12 core-walltime
Job Wall-clock time: 00:02:54
Memory Utilized: 17.29 MB
Memory Efficiency: 0.03% of 64.00 GB
