[INFO][12:43:23] Created a temporary directory at /scratch-local/ssommers.2835785/tmp70o4h_9t
[INFO][12:43:23] Writing /scratch-local/ssommers.2835785/tmp70o4h_9t/_remote_module_non_scriptable.py
[INFO][12:43:26]  training, epoch: 1 / 400, with fold: 0
128
256
512
512
folds found! :)
Start of training model:  20230602_25_multitask_model



  0%|          | 0/135 [00:00<?, ?it/s]  0%|          | 0/135 [00:07<?, ?it/s]
torch.Size([16, 262144])
Traceback (most recent call last):
  File "/scratch-shared/ssommers/train-kieran2.py", line 388, in <module>
    nodule_analyzer.train(model)
  File "/scratch-shared/ssommers/train-kieran2.py", line 302, in train
    outputs, targets, losses = self.forward(
  File "/scratch-shared/ssommers/train-kieran2.py", line 232, in forward
    outputs = self.model(images)  # do the forward pass
  File "/home/ssommers/.local/lib/python3.9/site-packages/torch/nn/modules/module.py", line 1501, in _call_impl
    return forward_call(*args, **kwargs)
  File "/gpfs/scratch1/shared/ssommers/probeersel3lol.py", line 196, in forward
    intermediate = self.classification(latent)
  File "/home/ssommers/.local/lib/python3.9/site-packages/torch/nn/modules/module.py", line 1501, in _call_impl
    return forward_call(*args, **kwargs)
  File "/gpfs/scratch1/shared/ssommers/probeersel3lol.py", line 95, in forward
    y = self.conv(incoming)
  File "/home/ssommers/.local/lib/python3.9/site-packages/torch/nn/modules/module.py", line 1501, in _call_impl
    return forward_call(*args, **kwargs)
  File "/home/ssommers/.local/lib/python3.9/site-packages/torch/nn/modules/container.py", line 217, in forward
    input = module(input)
  File "/home/ssommers/.local/lib/python3.9/site-packages/torch/nn/modules/module.py", line 1501, in _call_impl
    return forward_call(*args, **kwargs)
  File "/home/ssommers/.local/lib/python3.9/site-packages/torch/nn/modules/linear.py", line 114, in forward
    return F.linear(input, self.weight, self.bias)
RuntimeError: mat1 and mat2 shapes cannot be multiplied (16x262144 and 32768x128)

JOB STATISTICS
==============
Job ID: 2835785
Cluster: snellius
User/Group: ssommers/ssommers
State: COMPLETED (exit code 0)
Nodes: 1
Cores per node: 18
CPU Utilized: 00:01:24
CPU Efficiency: 3.73% of 00:37:30 core-walltime
Job Wall-clock time: 00:02:05
Memory Utilized: 274.99 MB
Memory Efficiency: 0.42% of 64.00 GB
