dataset len 2748
12.0
[5, 9, 8, 10]

15.0
[7, 6, 13, 6]

14.0
[7, 13, 6, 6]

11.0
[10, 8, 8, 6]

11.0
[9, 10, 8, 5]

13.0
[7, 9, 9, 7]

12.0
[9, 7, 6, 10]

12.0
[7, 8, 12, 5]

11.0
[9, 7, 12, 4]

14.0
[7, 5, 15, 5]

20.0
[11, 8, 9, 4]

14.0
[11, 9, 6, 6]

18.0
[5, 15, 5, 7]

14.0
[7, 10, 11, 4]

13.0
[8, 5, 10, 9]

16.0
[9, 5, 11, 7]

17.0
[10, 9, 8, 5]

13.0
[8, 7, 11, 6]

8.0
[9, 9, 7, 7]

19.0
[8, 11, 10, 3]

14.0
[4, 7, 13, 8]

6.0
[3, 8, 3, 1]


JOB STATISTICS
==============
Job ID: 2786406
Cluster: snellius
User/Group: ssommers/ssommers
State: COMPLETED (exit code 0)
Nodes: 1
Cores per node: 18
CPU Utilized: 00:01:59
CPU Efficiency: 14.37% of 00:13:48 core-walltime
Job Wall-clock time: 00:00:46
Memory Utilized: 356.70 MB
Memory Efficiency: 0.54% of 64.00 GB
