[INFO][04:23:47]  training, epoch: 1 / 10, with fold: 0



  0%|          | 0/17 [00:00<?, ?it/s]/gpfs/scratch1/shared/ssommers/probeersel.py:100: UserWarning: Implicit dimension choice for softmax has been deprecated. Change the call to include dim=X as an argument.
  return F.softmax(y)
  0%|          | 0/17 [00:11<?, ?it/s]
images shape torch.Size([32, 1, 64, 64, 64])
0
incoming shape: torch.Size([32, 1, 64, 64, 64])
1
incoming shape: torch.Size([32, 64, 64, 64, 64])
2
incoming shape: torch.Size([32, 128, 32, 32, 32])
3
incoming shape: torch.Size([32, 256, 16, 16, 16])
4
incoming shape: torch.Size([32, 512, 8, 8, 8])
Latent shape torch.Size([32, 1024, 4, 4, 4])
outputs torch.Size([32, 1, 64, 64, 64])
latent features torch.Size([32, 1024, 4, 4, 4])
flattened latent torch.Size([32, 65536])
Traceback (most recent call last):
  File "/scratch-shared/ssommers/train-kieran.py", line 365, in <module>
    nodule_analyzer.train(model)
  File "/scratch-shared/ssommers/train-kieran.py", line 285, in train
    outputs, targets, losses = self.forward(
  File "/scratch-shared/ssommers/train-kieran.py", line 219, in forward
    seg_loss, type_loss, malig_loss, overall_loss = self.model.losses([masks, noduletype_targets, malignancy_targets], outputs) # zoiets
  File "/home/ssommers/.local/lib/python3.9/site-packages/torch/nn/modules/module.py", line 1614, in __getattr__
    raise AttributeError("'{}' object has no attribute '{}'".format(
AttributeError: 'MultiTaskNetwork' object has no attribute 'losses'

JOB STATISTICS
==============
Job ID: 2771901
Cluster: snellius
User/Group: ssommers/ssommers
State: COMPLETED (exit code 0)
Nodes: 1
Cores per node: 18
CPU Utilized: 00:01:52
CPU Efficiency: 11.52% of 00:16:12 core-walltime
Job Wall-clock time: 00:00:54
Memory Utilized: 258.44 MB
Memory Efficiency: 0.39% of 64.00 GB
