9.0
[6, 4, 9, 13]

16.0
[9, 9, 8, 6]

11.0
[9, 9, 9, 5]

12.0
[10, 8, 8, 6]

11.0
[11, 4, 11, 6]

18.0
[8, 7, 13, 4]

13.0
[14, 7, 7, 4]

13.0
[8, 9, 11, 4]

17.0
[7, 12, 8, 5]

13.0
[7, 11, 8, 6]

16.0
[8, 10, 9, 5]

12.0
[11, 8, 6, 7]

15.0
[9, 5, 15, 3]

11.0
[2, 11, 10, 9]

11.0
[5, 10, 8, 9]

19.0
[11, 9, 7, 5]

15.0
[10, 10, 6, 6]

8.0
[5, 8, 10, 9]

11.0
[10, 8, 9, 5]

17.0
[8, 13, 7, 4]

17.0
[7, 12, 7, 6]

9.0
[4, 5, 1, 5]


JOB STATISTICS
==============
Job ID: 2771950
Cluster: snellius
User/Group: ssommers/ssommers
State: COMPLETED (exit code 0)
Nodes: 1
Cores per node: 18
CPU Utilized: 00:02:03
CPU Efficiency: 14.54% of 00:14:06 core-walltime
Job Wall-clock time: 00:00:47
Memory Utilized: 1.68 GB
Memory Efficiency: 2.63% of 64.00 GB
