Gets here
Gets here deel 2
Gets at the end
Hij komt hier al
16.0
[8, 8, 13, 3]

16.0
[8, 7, 12, 5]

13.0
[3, 10, 10, 9]

9.0
[10, 8, 10, 4]

13.0
[6, 9, 11, 6]

12.0
[2, 10, 11, 9]

15.0
[9, 10, 8, 5]

14.0
[8, 8, 10, 6]

15.0
[9, 14, 8, 1]

14.0
[8, 4, 12, 8]

16.0
[8, 7, 11, 6]

15.0
[6, 13, 6, 7]

9.0
[8, 3, 16, 5]

13.0
[10, 9, 6, 7]

18.0
[4, 9, 13, 6]

13.0
[9, 9, 9, 5]

10.0
[8, 8, 8, 8]

11.0
[10, 5, 10, 7]

14.0
[8, 7, 11, 6]

10.0
[8, 4, 13, 7]

12.0
[7, 11, 9, 5]

4.0
[5, 4, 3, 3]


JOB STATISTICS
==============
Job ID: 2785802
Cluster: snellius
User/Group: ssommers/ssommers
State: RUNNING
Nodes: 1
Cores per node: 18
CPU Utilized: 00:00:00
CPU Efficiency: 0.00% of 00:19:30 core-walltime
Job Wall-clock time: 00:01:05
Memory Utilized: 0.00 MB (estimated maximum)
Memory Efficiency: 0.00% of 64.00 GB (64.00 GB/node)
WARNING: Efficiency statistics may be misleading for RUNNING jobs.
