Traceback (most recent call last):
  File "/scratch-shared/ssommers/dataloaderDuplicate.py", line 641, in <module>
    test(workspace)
  File "/scratch-shared/ssommers/dataloaderDuplicate.py", line 612, in test
    train_loader = get_data_loader(
  File "/scratch-shared/ssommers/dataloaderDuplicate.py", line 399, in get_data_loader
    dataset = torch.utils.data.ConcatDataset(dataset_original, dataset_translation)
TypeError: __init__() takes 2 positional arguments but 3 were given

JOB STATISTICS
==============
Job ID: 2785687
Cluster: snellius
User/Group: ssommers/ssommers
State: FAILED (exit code 1)
Nodes: 1
Cores per node: 18
CPU Utilized: 00:00:07
CPU Efficiency: 0.95% of 00:12:18 core-walltime
Job Wall-clock time: 00:00:41
Memory Utilized: 196.55 MB
Memory Efficiency: 0.30% of 64.00 GB
