dataset len, train=true 2156
dataset len train=false 2 2156
Traceback (most recent call last):
  File "/scratch-shared/ssommers/train-kieran.py", line 367, in <module>
    nodule_analyzer.train(model)
  File "/scratch-shared/ssommers/train-kieran.py", line 244, in train
    self._initialize_data_loaders()
  File "/scratch-shared/ssommers/train-kieran.py", line 192, in _initialize_data_loaders
    print("Train loader length", len(self.train_loader.shape))
AttributeError: 'DataLoader' object has no attribute 'shape'

JOB STATISTICS
==============
Job ID: 2786443
Cluster: snellius
User/Group: ssommers/ssommers
State: RUNNING
Nodes: 1
Cores per node: 18
CPU Utilized: 00:00:00
CPU Efficiency: 0.00% of 00:14:42 core-walltime
Job Wall-clock time: 00:00:49
Memory Utilized: 0.00 MB (estimated maximum)
Memory Efficiency: 0.00% of 64.00 GB (64.00 GB/node)
WARNING: Efficiency statistics may be misleading for RUNNING jobs.
