Rotation [(-20, 20), (-20, 20), (-20, 20)]
First dingetje patientid                                         LIDC-IDRI-0003
seriesuid      1.3.6.1.4.1.14519.5.2.1.6279.6001.170706757615...
noduleid       2.25.85475102690801320257961710717610351452149...
coordx                                                 73.960959
coordy                                                 74.526282
coordz                                               -213.000787
diameter_mm                                             31.66447
noduletype                                    GroundGlassOpacity
malignancy                                                     0
Name: 0, dtype: object
Traceback (most recent call last):
  File "/scratch-shared/ssommers/dataloaderDuplicate.py", line 628, in <module>
    test(workspace)
  File "/scratch-shared/ssommers/dataloaderDuplicate.py", line 599, in test
    train_loader = get_data_loader(
  File "/scratch-shared/ssommers/dataloaderDuplicate.py", line 409, in get_data_loader
    print('First dingetje rotation', dataset_rotation.iloc[0])
AttributeError: 'NoduleDataset' object has no attribute 'iloc'

JOB STATISTICS
==============
Job ID: 2786107
Cluster: snellius
User/Group: ssommers/ssommers
State: RUNNING
Nodes: 1
Cores per node: 18
CPU Utilized: 00:00:00
CPU Efficiency: 0.00% of 00:12:18 core-walltime
Job Wall-clock time: 00:00:41
Memory Utilized: 0.00 MB (estimated maximum)
Memory Efficiency: 0.00% of 64.00 GB (64.00 GB/node)
WARNING: Efficiency statistics may be misleading for RUNNING jobs.
