Traceback (most recent call last):
  File "/scratch-shared/ssommers/dataloaderDuplicate.py", line 625, in <module>
    test(workspace)
  File "/scratch-shared/ssommers/dataloaderDuplicate.py", line 596, in test
    train_loader = get_data_loader(
  File "/scratch-shared/ssommers/dataloaderDuplicate.py", line 381, in get_data_loader
    print('Type van dataset', dataset_original.type())
AttributeError: 'NoduleDataset' object has no attribute 'type'

JOB STATISTICS
==============
Job ID: 2771964
Cluster: snellius
User/Group: ssommers/ssommers
State: FAILED (exit code 1)
Nodes: 1
Cores per node: 18
CPU Utilized: 00:00:07
CPU Efficiency: 1.05% of 00:11:06 core-walltime
Job Wall-clock time: 00:00:37
Memory Utilized: 377.18 MB
Memory Efficiency: 0.58% of 64.00 GB
