Traceback (most recent call last):
  File "/scratch-shared/ssommers/train-kieran.py", line 357, in <module>
    model = probeersel.MultiTaskNetwork(n_input_channels=10, n_filters=10, dropout=True)
  File "/gpfs/scratch1/shared/ssommers/probeersel.py", line 132, in __init__
    self.nodule_type = self.NoduleTypeBlock(n_input_channels, n_filters, dropout)
  File "/gpfs/scratch1/shared/ssommers/probeersel.py", line 90, in __init__
    layers += nn.Linear(n_filters, n_filters)
TypeError: unsupported operand type(s) for +=: 'Linear' and 'Linear'

JOB STATISTICS
==============
Job ID: 2761658
Cluster: snellius
User/Group: ssommers/ssommers
State: RUNNING
Nodes: 1
Cores per node: 18
CPU Utilized: 00:00:00
CPU Efficiency: 0.00% of 00:16:48 core-walltime
Job Wall-clock time: 00:00:56
Memory Utilized: 0.00 MB (estimated maximum)
Memory Efficiency: 0.00% of 64.00 GB (64.00 GB/node)
WARNING: Efficiency statistics may be misleading for RUNNING jobs.
