Type van dataset <class '__main__.NoduleDataset'>
First item of original {'image': tensor([[[[0.9286, 0.8764, 0.7507,  ..., 0.1043, 0.0979, 0.1164],
          [0.5921, 0.5086, 0.3857,  ..., 0.0979, 0.0900, 0.0893],
          [0.2821, 0.2286, 0.1821,  ..., 0.0893, 0.0871, 0.0836],
          ...,
          [0.3600, 0.3129, 0.2050,  ..., 0.2586, 0.4171, 0.5564],
          [0.3729, 0.2571, 0.1664,  ..., 0.4071, 0.5543, 0.6150],
          [0.3843, 0.3093, 0.2007,  ..., 0.5507, 0.6200, 0.6321]],

         [[0.9236, 0.7964, 0.6093,  ..., 0.0950, 0.0936, 0.1071],
          [0.6450, 0.4693, 0.3079,  ..., 0.0921, 0.0907, 0.0900],
          [0.3921, 0.2543, 0.1643,  ..., 0.0857, 0.0836, 0.0807],
          ...,
          [0.3429, 0.2643, 0.1779,  ..., 0.2736, 0.4307, 0.5650],
          [0.3621, 0.2336, 0.1529,  ..., 0.4257, 0.5593, 0.6100],
          [0.3621, 0.2757, 0.1807,  ..., 0.5564, 0.6157, 0.6250]],

         [[0.9179, 0.7171, 0.4679,  ..., 0.0864, 0.0886, 0.0979],
          [0.6971, 0.4300, 0.2300,  ..., 0.0864, 0.0914, 0.0900],
          [0.5029, 0.2800, 0.1464,  ..., 0.0814, 0.0807, 0.0786],
          ...,
          [0.3257, 0.2164, 0.1514,  ..., 0.2886, 0.4443, 0.5736],
          [0.3514, 0.2093, 0.1400,  ..., 0.4450, 0.5643, 0.6043],
          [0.3400, 0.2429, 0.1607,  ..., 0.5614, 0.6114, 0.6171]],

         ...,

         [[0.0764, 0.0664, 0.0650,  ..., 0.0686, 0.0664, 0.0679],
          [0.1214, 0.0929, 0.0693,  ..., 0.0736, 0.0700, 0.0764],
          [0.1471, 0.1443, 0.1136,  ..., 0.0771, 0.0807, 0.1121],
          ...,
          [0.1386, 0.1121, 0.1021,  ..., 0.6557, 0.6700, 0.6707],
          [0.1407, 0.1243, 0.1036,  ..., 0.6871, 0.6764, 0.6529],
          [0.1350, 0.1264, 0.1186,  ..., 0.6821, 0.6536, 0.6414]],

         [[0.0821, 0.0729, 0.0671,  ..., 0.0729, 0.0714, 0.0779],
          [0.1093, 0.0907, 0.0736,  ..., 0.0764, 0.0786, 0.0964],
          [0.1486, 0.1579, 0.1250,  ..., 0.0871, 0.0971, 0.1379],
          ...,
          [0.1257, 0.1079, 0.1036,  ..., 0.6486, 0.6721, 0.6864],
          [0.1243, 0.1150, 0.1014,  ..., 0.6793, 0.6807, 0.6743],
          [0.1243, 0.1229, 0.1186,  ..., 0.6814, 0.6671, 0.6721]],

         [[0.0886, 0.0786, 0.0700,  ..., 0.0779, 0.0764, 0.0871],
          [0.0971, 0.0886, 0.0771,  ..., 0.0793, 0.0871, 0.1157],
          [0.1493, 0.1714, 0.1357,  ..., 0.0964, 0.1143, 0.1636],
          ...,
          [0.1136, 0.1036, 0.1043,  ..., 0.6407, 0.6743, 0.7029],
          [0.1086, 0.1064, 0.1000,  ..., 0.6707, 0.6843, 0.6950],
          [0.1136, 0.1200, 0.1179,  ..., 0.6800, 0.6814, 0.7036]]]]), 'mask': tensor([[[[0., 0., 0.,  ..., 0., 0., 0.],
          [0., 0., 0.,  ..., 0., 0., 0.],
          [0., 0., 0.,  ..., 0., 0., 0.],
          ...,
          [0., 0., 0.,  ..., 0., 0., 0.],
          [0., 0., 0.,  ..., 0., 0., 0.],
          [0., 0., 0.,  ..., 0., 0., 0.]],

         [[0., 0., 0.,  ..., 0., 0., 0.],
          [0., 0., 0.,  ..., 0., 0., 0.],
          [0., 0., 0.,  ..., 0., 0., 0.],
          ...,
          [0., 0., 0.,  ..., 0., 0., 0.],
          [0., 0., 0.,  ..., 0., 0., 0.],
          [0., 0., 0.,  ..., 0., 0., 0.]],

         [[0., 0., 0.,  ..., 0., 0., 0.],
          [0., 0., 0.,  ..., 0., 0., 0.],
          [0., 0., 0.,  ..., 0., 0., 0.],
          ...,
          [0., 0., 0.,  ..., 0., 0., 0.],
          [0., 0., 0.,  ..., 0., 0., 0.],
          [0., 0., 0.,  ..., 0., 0., 0.]],

         ...,

         [[0., 0., 0.,  ..., 0., 0., 0.],
          [0., 0., 0.,  ..., 0., 0., 0.],
          [0., 0., 0.,  ..., 0., 0., 0.],
          ...,
          [0., 0., 0.,  ..., 0., 0., 0.],
          [0., 0., 0.,  ..., 0., 0., 0.],
          [0., 0., 0.,  ..., 0., 0., 0.]],

         [[0., 0., 0.,  ..., 0., 0., 0.],
          [0., 0., 0.,  ..., 0., 0., 0.],
          [0., 0., 0.,  ..., 0., 0., 0.],
          ...,
          [0., 0., 0.,  ..., 0., 0., 0.],
          [0., 0., 0.,  ..., 0., 0., 0.],
          [0., 0., 0.,  ..., 0., 0., 0.]],

         [[0., 0., 0.,  ..., 0., 0., 0.],
          [0., 0., 0.,  ..., 0., 0., 0.],
          [0., 0., 0.,  ..., 0., 0., 0.],
          ...,
          [0., 0., 0.,  ..., 0., 0., 0.],
          [0., 0., 0.,  ..., 0., 0., 0.],
          [0., 0., 0.,  ..., 0., 0., 0.]]]]), 'origin': tensor([-294.0000,   22.1483,   21.3952], dtype=torch.float64), 'spacing': tensor([2.5000, 0.8203, 0.8203], dtype=torch.float64), 'transform': tensor([[1., 0., 0.],
        [0., 1., 0.],
        [0., 0., 1.]], dtype=torch.float64), 'shape': tensor([ 64, 128, 128]), 'malignancy_target': tensor([0.]), 'noduletype_target': tensor([0.]), 'noduleid': '2.25.85475102690801320257961710717610351452149165630150549062494'}
First item of translation {'image': tensor([[[[0.9293, 0.7350, 0.4757,  ..., 0.0893, 0.1014, 0.0993],
          [0.7686, 0.5314, 0.3179,  ..., 0.0871, 0.0921, 0.0914],
          [0.5236, 0.2879, 0.1543,  ..., 0.0886, 0.0893, 0.0864],
          ...,
          [0.2143, 0.1771, 0.1471,  ..., 0.2600, 0.4043, 0.5414],
          [0.2607, 0.1721, 0.1300,  ..., 0.3957, 0.5264, 0.6000],
          [0.2707, 0.1693, 0.1293,  ..., 0.5243, 0.5900, 0.6100]],

         [[0.8550, 0.6257, 0.3543,  ..., 0.0829, 0.0957, 0.0957],
          [0.7029, 0.4386, 0.2300,  ..., 0.0829, 0.0871, 0.0857],
          [0.5079, 0.2464, 0.1179,  ..., 0.0871, 0.0886, 0.0850],
          ...,
          [0.1843, 0.1493, 0.1357,  ..., 0.2679, 0.4157, 0.5500],
          [0.2264, 0.1486, 0.1193,  ..., 0.4064, 0.5350, 0.6050],
          [0.2379, 0.1514, 0.1200,  ..., 0.5329, 0.5921, 0.6114]],

         [[0.7221, 0.4986, 0.2814,  ..., 0.0836, 0.0914, 0.0900],
          [0.6071, 0.3657, 0.2000,  ..., 0.0800, 0.0829, 0.0843],
          [0.4614, 0.2221, 0.1193,  ..., 0.0857, 0.0864, 0.0836],
          ...,
          [0.1650, 0.1407, 0.1307,  ..., 0.2750, 0.4264, 0.5579],
          [0.1900, 0.1379, 0.1186,  ..., 0.4143, 0.5414, 0.6086],
          [0.1893, 0.1343, 0.1164,  ..., 0.5386, 0.5986, 0.6221]],

         ...,

         [[0.0757, 0.0721, 0.0700,  ..., 0.0843, 0.0843, 0.0957],
          [0.0850, 0.0757, 0.0671,  ..., 0.0786, 0.0864, 0.1064],
          [0.0971, 0.0886, 0.0729,  ..., 0.0864, 0.1093, 0.1543],
          ...,
          [0.1021, 0.1021, 0.1043,  ..., 0.6479, 0.6850, 0.7393],
          [0.1064, 0.1036, 0.1064,  ..., 0.6614, 0.6914, 0.7386],
          [0.1071, 0.1043, 0.1079,  ..., 0.6786, 0.6929, 0.7414]],

         [[0.0821, 0.0757, 0.0714,  ..., 0.0893, 0.0850, 0.0950],
          [0.0900, 0.0793, 0.0700,  ..., 0.0871, 0.0900, 0.1079],
          [0.0921, 0.0857, 0.0729,  ..., 0.1129, 0.1236, 0.1564],
          ...,
          [0.1000, 0.1007, 0.1014,  ..., 0.7379, 0.7879, 0.8364],
          [0.0986, 0.0986, 0.1021,  ..., 0.7400, 0.7836, 0.8279],
          [0.1014, 0.1007, 0.1057,  ..., 0.7479, 0.7786, 0.8264]],

         [[0.0893, 0.0800, 0.0736,  ..., 0.0929, 0.0836, 0.0893],
          [0.0964, 0.0829, 0.0714,  ..., 0.0979, 0.0907, 0.1029],
          [0.0879, 0.0807, 0.0693,  ..., 0.1500, 0.1364, 0.1464],
          ...,
          [0.1014, 0.1007, 0.0986,  ..., 0.8786, 0.9414, 0.9714],
          [0.0914, 0.0921, 0.0943,  ..., 0.8636, 0.9207, 0.9507],
          [0.0986, 0.0971, 0.1014,  ..., 0.8557, 0.9029, 0.9400]]]]), 'mask': tensor([[[[0., 0., 0.,  ..., 0., 0., 0.],
          [0., 0., 0.,  ..., 0., 0., 0.],
          [0., 0., 0.,  ..., 0., 0., 0.],
          ...,
          [0., 0., 0.,  ..., 0., 0., 0.],
          [0., 0., 0.,  ..., 0., 0., 0.],
          [0., 0., 0.,  ..., 0., 0., 0.]],

         [[0., 0., 0.,  ..., 0., 0., 0.],
          [0., 0., 0.,  ..., 0., 0., 0.],
          [0., 0., 0.,  ..., 0., 0., 0.],
          ...,
          [0., 0., 0.,  ..., 0., 0., 0.],
          [0., 0., 0.,  ..., 0., 0., 0.],
          [0., 0., 0.,  ..., 0., 0., 0.]],

         [[0., 0., 0.,  ..., 0., 0., 0.],
          [0., 0., 0.,  ..., 0., 0., 0.],
          [0., 0., 0.,  ..., 0., 0., 0.],
          ...,
          [0., 0., 0.,  ..., 0., 0., 0.],
          [0., 0., 0.,  ..., 0., 0., 0.],
          [0., 0., 0.,  ..., 0., 0., 0.]],

         ...,

         [[0., 0., 0.,  ..., 0., 0., 0.],
          [0., 0., 0.,  ..., 0., 0., 0.],
          [0., 0., 0.,  ..., 0., 0., 0.],
          ...,
          [0., 0., 0.,  ..., 0., 0., 0.],
          [0., 0., 0.,  ..., 0., 0., 0.],
          [0., 0., 0.,  ..., 0., 0., 0.]],

         [[0., 0., 0.,  ..., 0., 0., 0.],
          [0., 0., 0.,  ..., 0., 0., 0.],
          [0., 0., 0.,  ..., 0., 0., 0.],
          ...,
          [0., 0., 0.,  ..., 0., 0., 0.],
          [0., 0., 0.,  ..., 0., 0., 0.],
          [0., 0., 0.,  ..., 0., 0., 0.]],

         [[0., 0., 0.,  ..., 0., 0., 0.],
          [0., 0., 0.,  ..., 0., 0., 0.],
          [0., 0., 0.,  ..., 0., 0., 0.],
          ...,
          [0., 0., 0.,  ..., 0., 0., 0.],
          [0., 0., 0.,  ..., 0., 0., 0.],
          [0., 0., 0.,  ..., 0., 0., 0.]]]]), 'origin': tensor([-294.0000,   22.1483,   21.3952], dtype=torch.float64), 'spacing': tensor([2.5000, 0.8203, 0.8203], dtype=torch.float64), 'transform': tensor([[1., 0., 0.],
        [0., 1., 0.],
        [0., 0., 1.]], dtype=torch.float64), 'shape': tensor([ 64, 128, 128]), 'malignancy_target': tensor([0.]), 'noduletype_target': tensor([0.]), 'noduleid': '2.25.85475102690801320257961710717610351452149165630150549062494'}
First item of rotation {'image': tensor([[[[0.1043, 0.1200, 0.1136,  ..., 0.0907, 0.0886, 0.0879],
          [0.0979, 0.1164, 0.1193,  ..., 0.0914, 0.1007, 0.1121],
          [0.0900, 0.1021, 0.1236,  ..., 0.0879, 0.0993, 0.1200],
          ...,
          [0.1029, 0.1093, 0.1136,  ..., 0.6986, 0.6964, 0.7014],
          [0.1086, 0.1079, 0.1036,  ..., 0.6871, 0.7007, 0.7079],
          [0.1100, 0.1086, 0.1029,  ..., 0.6950, 0.7079, 0.7171]],

         [[0.1343, 0.1486, 0.1236,  ..., 0.0900, 0.0800, 0.0729],
          [0.1107, 0.1421, 0.1343,  ..., 0.0821, 0.0871, 0.0886],
          [0.0929, 0.1200, 0.1479,  ..., 0.0757, 0.0829, 0.0914],
          ...,
          [0.1021, 0.1150, 0.1300,  ..., 0.7000, 0.6986, 0.7007],
          [0.1114, 0.1164, 0.1179,  ..., 0.6936, 0.7007, 0.7021],
          [0.1121, 0.1143, 0.1114,  ..., 0.6957, 0.7064, 0.7107]],

         [[0.1664, 0.1714, 0.1257,  ..., 0.0929, 0.0814, 0.0707],
          [0.1329, 0.1743, 0.1429,  ..., 0.0829, 0.0807, 0.0736],
          [0.0986, 0.1450, 0.1764,  ..., 0.0786, 0.0821, 0.0850],
          ...,
          [0.0979, 0.1143, 0.1507,  ..., 0.6964, 0.6986, 0.7029],
          [0.1100, 0.1150, 0.1229,  ..., 0.6929, 0.6964, 0.6971],
          [0.1071, 0.1093, 0.1071,  ..., 0.6936, 0.7000, 0.7014]],

         ...,

         [[0.1050, 0.0750, 0.0729,  ..., 0.0664, 0.0814, 0.0829],
          [0.1471, 0.1071, 0.0979,  ..., 0.0700, 0.0807, 0.0857],
          [0.1686, 0.1314, 0.1107,  ..., 0.0857, 0.0864, 0.0793],
          ...,
          [0.1079, 0.1100, 0.1079,  ..., 0.2307, 0.4036, 0.5664],
          [0.1086, 0.1086, 0.1057,  ..., 0.4329, 0.5800, 0.6886],
          [0.0993, 0.0971, 0.0921,  ..., 0.5843, 0.6929, 0.8243]],

         [[0.0871, 0.0671, 0.0679,  ..., 0.0643, 0.0850, 0.0829],
          [0.1279, 0.0879, 0.0871,  ..., 0.0671, 0.0800, 0.0821],
          [0.1643, 0.1179, 0.0964,  ..., 0.0807, 0.0793, 0.0764],
          ...,
          [0.1121, 0.1150, 0.1121,  ..., 0.2243, 0.3814, 0.5443],
          [0.1050, 0.1086, 0.1086,  ..., 0.3929, 0.5443, 0.6550],
          [0.1007, 0.0971, 0.0914,  ..., 0.5521, 0.6586, 0.7493]],

         [[0.0743, 0.0629, 0.0614,  ..., 0.0736, 0.0879, 0.0807],
          [0.0936, 0.0686, 0.0764,  ..., 0.0721, 0.0829, 0.0807],
          [0.1329, 0.0936, 0.0807,  ..., 0.0793, 0.0757, 0.0721],
          ...,
          [0.1100, 0.1157, 0.1157,  ..., 0.2114, 0.3557, 0.5229],
          [0.1007, 0.1079, 0.1100,  ..., 0.3621, 0.5214, 0.6386],
          [0.0964, 0.0957, 0.0957,  ..., 0.5214, 0.6271, 0.6857]]]]), 'mask': tensor([[[[0., 0., 0.,  ..., 0., 0., 0.],
          [0., 0., 0.,  ..., 0., 0., 0.],
          [0., 0., 0.,  ..., 0., 0., 0.],
          ...,
          [0., 0., 0.,  ..., 0., 0., 0.],
          [0., 0., 0.,  ..., 0., 0., 0.],
          [0., 0., 0.,  ..., 0., 0., 0.]],

         [[0., 0., 0.,  ..., 0., 0., 0.],
          [0., 0., 0.,  ..., 0., 0., 0.],
          [0., 0., 0.,  ..., 0., 0., 0.],
          ...,
          [0., 0., 0.,  ..., 0., 0., 0.],
          [0., 0., 0.,  ..., 0., 0., 0.],
          [0., 0., 0.,  ..., 0., 0., 0.]],

         [[0., 0., 0.,  ..., 0., 0., 0.],
          [0., 0., 0.,  ..., 0., 0., 0.],
          [0., 0., 0.,  ..., 0., 0., 0.],
          ...,
          [0., 0., 0.,  ..., 0., 0., 0.],
          [0., 0., 0.,  ..., 0., 0., 0.],
          [0., 0., 0.,  ..., 0., 0., 0.]],

         ...,

         [[0., 0., 0.,  ..., 0., 0., 0.],
          [0., 0., 0.,  ..., 0., 0., 0.],
          [0., 0., 0.,  ..., 0., 0., 0.],
          ...,
          [0., 0., 0.,  ..., 0., 0., 0.],
          [0., 0., 0.,  ..., 0., 0., 0.],
          [0., 0., 0.,  ..., 0., 0., 0.]],

         [[0., 0., 0.,  ..., 0., 0., 0.],
          [0., 0., 0.,  ..., 0., 0., 0.],
          [0., 0., 0.,  ..., 0., 0., 0.],
          ...,
          [0., 0., 0.,  ..., 0., 0., 0.],
          [0., 0., 0.,  ..., 0., 0., 0.],
          [0., 0., 0.,  ..., 0., 0., 0.]],

         [[0., 0., 0.,  ..., 0., 0., 0.],
          [0., 0., 0.,  ..., 0., 0., 0.],
          [0., 0., 0.,  ..., 0., 0., 0.],
          ...,
          [0., 0., 0.,  ..., 0., 0., 0.],
          [0., 0., 0.,  ..., 0., 0., 0.],
          [0., 0., 0.,  ..., 0., 0., 0.]]]]), 'origin': tensor([-294.0000,   22.1483,   21.3952], dtype=torch.float64), 'spacing': tensor([2.5000, 0.8203, 0.8203], dtype=torch.float64), 'transform': tensor([[1., 0., 0.],
        [0., 1., 0.],
        [0., 0., 1.]], dtype=torch.float64), 'shape': tensor([ 64, 128, 128]), 'malignancy_target': tensor([0.]), 'noduletype_target': tensor([0.]), 'noduleid': '2.25.85475102690801320257961710717610351452149165630150549062494'}
First item of trans rot {'image': tensor([[[[0.1100, 0.1114, 0.1000,  ..., 0.1064, 0.1193, 0.1214],
          [0.1114, 0.1043, 0.0929,  ..., 0.1114, 0.1221, 0.1121],
          [0.1150, 0.1100, 0.1007,  ..., 0.1257, 0.1357, 0.1136],
          ...,
          [0.1264, 0.1186, 0.1279,  ..., 1.0000, 1.0000, 0.8979],
          [0.1450, 0.1371, 0.1343,  ..., 1.0000, 0.9564, 0.8579],
          [0.1771, 0.1657, 0.1507,  ..., 1.0000, 0.8879, 0.8414]],

         [[0.1100, 0.1143, 0.1000,  ..., 0.1064, 0.1136, 0.1157],
          [0.1057, 0.1000, 0.0893,  ..., 0.1157, 0.1257, 0.1193],
          [0.1021, 0.0979, 0.0936,  ..., 0.1393, 0.1471, 0.1221],
          ...,
          [0.1214, 0.1164, 0.1286,  ..., 1.0000, 1.0000, 0.8793],
          [0.1514, 0.1464, 0.1414,  ..., 1.0000, 0.9214, 0.8464],
          [0.1993, 0.1821, 0.1671,  ..., 1.0000, 0.8579, 0.8357]],

         [[0.1107, 0.1114, 0.1007,  ..., 0.1071, 0.1086, 0.1121],
          [0.1086, 0.0993, 0.0879,  ..., 0.1200, 0.1321, 0.1271],
          [0.1043, 0.0950, 0.0907,  ..., 0.1550, 0.1564, 0.1300],
          ...,
          [0.1121, 0.1129, 0.1271,  ..., 1.0000, 0.9743, 0.8614],
          [0.1421, 0.1414, 0.1364,  ..., 1.0000, 0.8893, 0.8379],
          [0.1843, 0.1764, 0.1700,  ..., 0.9371, 0.8321, 0.8350]],

         ...,

         [[0.1157, 0.0943, 0.0986,  ..., 0.6250, 0.6593, 0.6836],
          [0.1021, 0.0857, 0.0879,  ..., 0.6100, 0.6671, 0.6943],
          [0.1150, 0.0871, 0.0793,  ..., 0.6157, 0.6814, 0.7029],
          ...,
          [0.1036, 0.0979, 0.0929,  ..., 0.6779, 0.7250, 0.8271],
          [0.1021, 0.1064, 0.1079,  ..., 0.6800, 0.7707, 0.9157],
          [0.1064, 0.1021, 0.0971,  ..., 0.6914, 0.7721, 0.9143]],

         [[0.1036, 0.0950, 0.1143,  ..., 0.6457, 0.6614, 0.6786],
          [0.0921, 0.0900, 0.0979,  ..., 0.6336, 0.6664, 0.6864],
          [0.0950, 0.0821, 0.0786,  ..., 0.6371, 0.6793, 0.6964],
          ...,
          [0.1050, 0.1000, 0.0921,  ..., 0.6864, 0.7257, 0.8129],
          [0.1029, 0.1121, 0.1136,  ..., 0.6786, 0.7664, 0.8943],
          [0.1050, 0.1036, 0.1021,  ..., 0.7021, 0.7907, 0.9150]],

         [[0.0964, 0.0950, 0.1186,  ..., 0.6593, 0.6600, 0.6721],
          [0.0893, 0.0921, 0.1036,  ..., 0.6493, 0.6636, 0.6793],
          [0.0871, 0.0800, 0.0786,  ..., 0.6507, 0.6764, 0.6907],
          ...,
          [0.1186, 0.1121, 0.0964,  ..., 0.6921, 0.7186, 0.7900],
          [0.1136, 0.1271, 0.1214,  ..., 0.6771, 0.7593, 0.8750],
          [0.1086, 0.1129, 0.1107,  ..., 0.7143, 0.8100, 0.9214]]]]), 'mask': tensor([[[[0., 0., 0.,  ..., 0., 0., 0.],
          [0., 0., 0.,  ..., 0., 0., 0.],
          [0., 0., 0.,  ..., 0., 0., 0.],
          ...,
          [0., 0., 0.,  ..., 0., 0., 0.],
          [0., 0., 0.,  ..., 0., 0., 0.],
          [0., 0., 0.,  ..., 0., 0., 0.]],

         [[0., 0., 0.,  ..., 0., 0., 0.],
          [0., 0., 0.,  ..., 0., 0., 0.],
          [0., 0., 0.,  ..., 0., 0., 0.],
          ...,
          [0., 0., 0.,  ..., 0., 0., 0.],
          [0., 0., 0.,  ..., 0., 0., 0.],
          [0., 0., 0.,  ..., 0., 0., 0.]],

         [[0., 0., 0.,  ..., 0., 0., 0.],
          [0., 0., 0.,  ..., 0., 0., 0.],
          [0., 0., 0.,  ..., 0., 0., 0.],
          ...,
          [0., 0., 0.,  ..., 0., 0., 0.],
          [0., 0., 0.,  ..., 0., 0., 0.],
          [0., 0., 0.,  ..., 0., 0., 0.]],

         ...,

         [[0., 0., 0.,  ..., 0., 0., 0.],
          [0., 0., 0.,  ..., 0., 0., 0.],
          [0., 0., 0.,  ..., 0., 0., 0.],
          ...,
          [0., 0., 0.,  ..., 0., 0., 0.],
          [0., 0., 0.,  ..., 0., 0., 0.],
          [0., 0., 0.,  ..., 0., 0., 0.]],

         [[0., 0., 0.,  ..., 0., 0., 0.],
          [0., 0., 0.,  ..., 0., 0., 0.],
          [0., 0., 0.,  ..., 0., 0., 0.],
          ...,
          [0., 0., 0.,  ..., 0., 0., 0.],
          [0., 0., 0.,  ..., 0., 0., 0.],
          [0., 0., 0.,  ..., 0., 0., 0.]],

         [[0., 0., 0.,  ..., 0., 0., 0.],
          [0., 0., 0.,  ..., 0., 0., 0.],
          [0., 0., 0.,  ..., 0., 0., 0.],
          ...,
          [0., 0., 0.,  ..., 0., 0., 0.],
          [0., 0., 0.,  ..., 0., 0., 0.],
          [0., 0., 0.,  ..., 0., 0., 0.]]]]), 'origin': tensor([-294.0000,   22.1483,   21.3952], dtype=torch.float64), 'spacing': tensor([2.5000, 0.8203, 0.8203], dtype=torch.float64), 'transform': tensor([[1., 0., 0.],
        [0., 1., 0.],
        [0., 0., 1.]], dtype=torch.float64), 'shape': tensor([ 64, 128, 128]), 'malignancy_target': tensor([0.]), 'noduletype_target': tensor([0.]), 'noduleid': '2.25.85475102690801320257961710717610351452149165630150549062494'}
Traceback (most recent call last):
  File "/scratch-shared/ssommers/dataloaderDuplicate.py", line 625, in <module>
    test(workspace)
  File "/scratch-shared/ssommers/dataloaderDuplicate.py", line 596, in test
    train_loader = get_data_loader(
  File "/scratch-shared/ssommers/dataloaderDuplicate.py", line 420, in get_data_loader
    dataset = dataset_original.append(dataset_translation).append(dataset_rotation).append(dataset_trans_rot)
AttributeError: 'NoduleDataset' object has no attribute 'append'

JOB STATISTICS
==============
Job ID: 2771968
Cluster: snellius
User/Group: ssommers/ssommers
State: FAILED (exit code 1)
Nodes: 1
Cores per node: 18
CPU Utilized: 00:00:07
CPU Efficiency: 0.90% of 00:12:54 core-walltime
Job Wall-clock time: 00:00:43
Memory Utilized: 4.21 MB
Memory Efficiency: 0.01% of 64.00 GB
