[INFO][12:37:57] Created a temporary directory at /scratch-local/ssommers.2839089/tmpngrp6v_d
[INFO][12:37:57] Writing /scratch-local/ssommers.2839089/tmpngrp6v_d/_remote_module_non_scriptable.py
folds found! :)
Traceback (most recent call last):
  File "/scratch-shared/ssommers/train-kieran3.py", line 392, in <module>
    nodule_analyzer.train(model)
  File "/scratch-shared/ssommers/train-kieran3.py", line 261, in train
    self._initialize_data_loaders()
  File "/scratch-shared/ssommers/train-kieran3.py", line 208, in _initialize_data_loaders
    self.valid_loader = dataloader.get_data_loader(
  File "/gpfs/scratch1/shared/ssommers/dataloaderDuplicate2.py", line 478, in get_data_loader
    dataset = normalization(dataset, mean, std)
  File "/gpfs/scratch1/shared/ssommers/dataloaderDuplicate2.py", line 56, in normalization
    x_train = x_train.to_numpy()
AttributeError: 'NoduleDataset' object has no attribute 'to_numpy'
slurmstepd: error: *** JOB 2839089 ON gcn20 CANCELLED AT 2023-06-03T00:39:56 ***

JOB STATISTICS
==============
Job ID: 2839089
Cluster: snellius
User/Group: ssommers/ssommers
State: CANCELLED (exit code 0)
Nodes: 1
Cores per node: 18
CPU Utilized: 00:00:09
CPU Efficiency: 0.23% of 01:06:36 core-walltime
Job Wall-clock time: 00:03:42
Memory Utilized: 17.38 MB
Memory Efficiency: 0.03% of 64.00 GB
