Traceback (most recent call last):
  File "/scratch-shared/ssommers/dataloaderDuplicate.py", line 634, in <module>
    test(workspace)
  File "/scratch-shared/ssommers/dataloaderDuplicate.py", line 605, in test
    train_loader = get_data_loader(
  File "/scratch-shared/ssommers/dataloaderDuplicate.py", line 426, in get_data_loader
    dataset = torch.utils.data.ConcatDataset(dataset_original, dataset_translation, dataset_rotation, dataset_trans_rot)
TypeError: __init__() takes 2 positional arguments but 5 were given

JOB STATISTICS
==============
Job ID: 2785655
Cluster: snellius
User/Group: ssommers/ssommers
State: RUNNING
Nodes: 1
Cores per node: 18
CPU Utilized: 00:00:00
CPU Efficiency: 0.00% of 00:13:12 core-walltime
Job Wall-clock time: 00:00:44
Memory Utilized: 0.00 MB (estimated maximum)
Memory Efficiency: 0.00% of 64.00 GB (64.00 GB/node)
WARNING: Efficiency statistics may be misleading for RUNNING jobs.
