[INFO][11:27:19] Created a temporary directory at /scratch-local/ssommers.2838989/tmpidd4ngn_
[INFO][11:27:19] Writing /scratch-local/ssommers.2838989/tmpidd4ngn_/_remote_module_non_scriptable.py
folds found! :)
Traceback (most recent call last):
  File "/scratch-shared/ssommers/train-kieran3.py", line 389, in <module>
    nodule_analyzer.train(model)
  File "/scratch-shared/ssommers/train-kieran3.py", line 260, in train
    self._initialize_data_loaders()
  File "/scratch-shared/ssommers/train-kieran3.py", line 193, in _initialize_data_loaders
    self.train_loader, self.train_mean, self.train_std = dataloader.get_data_loader(
  File "/gpfs/scratch1/shared/ssommers/dataloaderDuplicate2.py", line 427, in get_data_loader
    dataset_original, train_mean, train_std = normalization(dataset_original)
  File "/gpfs/scratch1/shared/ssommers/dataloaderDuplicate2.py", line 56, in normalization
    x_train_normalized = np.zeros_like(x_train) # array of normalized features
  File "<__array_function__ internals>", line 200, in zeros_like
  File "/home/ssommers/.local/lib/python3.9/site-packages/numpy/core/numeric.py", line 139, in zeros_like
    res = empty_like(a, dtype=dtype, order=order, subok=subok, shape=shape)
  File "<__array_function__ internals>", line 200, in empty_like
  File "/gpfs/scratch1/shared/ssommers/dataloaderDuplicate2.py", line 367, in __getitem__
    patch, mask, metad = self._extract_patch(pd)
  File "/gpfs/scratch1/shared/ssommers/dataloaderDuplicate2.py", line 332, in _extract_patch
    patch, mask = extract_patch(
TypeError: extract_patch() got an unexpected keyword argument 'contrast_modify'

JOB STATISTICS
==============
Job ID: 2838989
Cluster: snellius
User/Group: ssommers/ssommers
State: RUNNING
Nodes: 1
Cores per node: 18
CPU Utilized: 00:00:00
CPU Efficiency: 0.00% of 01:14:24 core-walltime
Job Wall-clock time: 00:04:08
Memory Utilized: 0.00 MB (estimated maximum)
Memory Efficiency: 0.00% of 64.00 GB (64.00 GB/node)
WARNING: Efficiency statistics may be misleading for RUNNING jobs.
