Traceback (most recent call last):
  File "/scratch-shared/ssommers/train-kieran.py", line 357, in <module>
    model = probeersel.MultiTaskNetwork(n_input_channels=1, n_filters=64)
  File "/gpfs/scratch1/shared/ssommers/probeersel.py", line 157, in __init__
    self.nodule_type = self.NoduleTypeBlock(n_input_channels, 128, dropout) #inspiratie voor n_filters=128 uit COVID-19 multitask model
  File "/gpfs/scratch1/shared/ssommers/probeersel.py", line 93, in __init__
    layers.append(nn.Linear(n_filters, n_classes))
  File "/home/ssommers/.local/lib/python3.9/site-packages/torch/nn/modules/linear.py", line 96, in __init__
    self.weight = Parameter(torch.empty((out_features, in_features), **factory_kwargs))
TypeError: empty() received an invalid combination of arguments - got (tuple, dtype=NoneType, device=NoneType), but expected one of:
 * (tuple of ints size, *, tuple of names names, torch.memory_format memory_format, torch.dtype dtype, torch.layout layout, torch.device device, bool pin_memory, bool requires_grad)
 * (tuple of ints size, *, torch.memory_format memory_format, Tensor out, torch.dtype dtype, torch.layout layout, torch.device device, bool pin_memory, bool requires_grad)

cp: cannot stat '/scratch-shared/ssommers/results/': No such file or directory

JOB STATISTICS
==============
Job ID: 2771784
Cluster: snellius
User/Group: ssommers/ssommers
State: FAILED (exit code 1)
Nodes: 1
Cores per node: 18
CPU Utilized: 00:00:08
CPU Efficiency: 1.01% of 00:13:12 core-walltime
Job Wall-clock time: 00:00:44
Memory Utilized: 3.59 MB
Memory Efficiency: 0.01% of 64.00 GB
