[INFO][01:14:18] Created a temporary directory at /scratch-local/ssommers.2839165/tmpzcdalf2u
[INFO][01:14:18] Writing /scratch-local/ssommers.2839165/tmpzcdalf2u/_remote_module_non_scriptable.py
folds found! :)
(539, 9)
Traceback (most recent call last):
  File "/scratch-shared/ssommers/train-kieran4.py", line 392, in <module>
    nodule_analyzer.train(model)
  File "/scratch-shared/ssommers/train-kieran4.py", line 261, in train
    self._initialize_data_loaders()
  File "/scratch-shared/ssommers/train-kieran4.py", line 194, in _initialize_data_loaders
    self.train_loader, self.train_mean, self.train_std = dataloader.get_data_loader(
  File "/gpfs/scratch1/shared/ssommers/dataloaderDuplicate3.py", line 419, in get_data_loader
    dataset_original.dataset, train_mean, train_std = normalization(dataset_original.dataset)
  File "/gpfs/scratch1/shared/ssommers/dataloaderDuplicate3.py", line 63, in normalization
    mean.append(np.mean(x_train[:,feature], dtype=x_train[:,feature].dtype)) # array of mean value per feature 
  File "<__array_function__ internals>", line 200, in mean
  File "/home/ssommers/.local/lib/python3.9/site-packages/numpy/core/fromnumeric.py", line 3464, in mean
    return _methods._mean(a, axis=axis, dtype=dtype,
  File "/home/ssommers/.local/lib/python3.9/site-packages/numpy/core/_methods.py", line 194, in _mean
    ret = ret / rcount
TypeError: ufunc 'divide' not supported for the input types, and the inputs could not be safely coerced to any supported types according to the casting rule ''safe''

JOB STATISTICS
==============
Job ID: 2839165
Cluster: snellius
User/Group: ssommers/ssommers
State: COMPLETED (exit code 0)
Nodes: 1
Cores per node: 18
CPU Utilized: 00:00:21
CPU Efficiency: 0.72% of 00:48:36 core-walltime
Job Wall-clock time: 00:02:42
Memory Utilized: 17.31 MB
Memory Efficiency: 0.03% of 64.00 GB
